make all --print-data-base --no-builtin-variables --no-builtin-rules --question
# GNU Make 4.2.1
# Built for x86_64-pc-linux-gnu
# Copyright (C) 1988-2016 Free Software Foundation, Inc.
# License GPLv3+: GNU GPL version 3 or later <http://gnu.org/licenses/gpl.html>
# This is free software: you are free to change and redistribute it.
# There is NO WARRANTY, to the extent permitted by law.

# Make data base, printed on Sat Aug 20 16:27:07 2022

# Variables

# automatic
<D = $(patsubst %/,%,$(dir $<))
# automatic
?F = $(notdir $?)
# environment
DESKTOP_SESSION = cinnamon
# default
.SHELLFLAGS := -c
# environment
XDG_SESSION_CLASS = user
# environment
XDG_SESSION_TYPE = x11
# environment
GTK3_MODULES = xapp-gtk3-module
# automatic
?D = $(patsubst %/,%,$(dir $?))
# automatic
@D = $(patsubst %/,%,$(dir $@))
# environment
XAUTHORITY = /home/alecs/.Xauthority
# environment
GDMSESSION = cinnamon
# default
MAKE_VERSION := 4.2.1
# makefile
CURDIR := /home/alecs/prog
# makefile
SHELL = /bin/sh
# environment
GDM_LANG = it
# environment
VSCODE_NLS_CONFIG = {"locale":"it","availableLanguages":{"*":"it"},"_languagePackId":"ab4c584458951cae9fe6dd31374e1344.it","_translationsConfigFile":"/home/alecs/.config/Code/clp/ab4c584458951cae9fe6dd31374e1344.it/tcf.json","_cacheRoot":"/home/alecs/.config/Code/clp/ab4c584458951cae9fe6dd31374e1344.it","_resolvedLanguagePackCoreLocation":"/home/alecs/.config/Code/clp/ab4c584458951cae9fe6dd31374e1344.it/3b889b090b5ad5793f524b5d1d39fda662b96a2a","_corruptedFile":"/home/alecs/.config/Code/clp/ab4c584458951cae9fe6dd31374e1344.it/corrupted.info","_languagePackSupport":true}
# environment
_ = /usr/share/code/code
# environment
XDG_CONFIG_DIRS = /etc/xdg/xdg-cinnamon:/etc/xdg
# environment
GTK_OVERLAY_SCROLLING = 1
# makefile (from 'makefile', line 1)
MAKEFILE_LIST :=  makefile
# makefile (from 'makefile', line 11)
.PHONY = all run clean
# automatic
@F = $(notdir $@)
# environment
GIO_LAUNCHED_DESKTOP_FILE = /usr/share/applications/code.desktop
# 'override' directive
GNUMAKEFLAGS := 
# makefile (from 'makefile', line 8)
SOURCES = $(SRCDIR)/*
# environment
XDG_DATA_DIRS = /usr/share/cinnamon:/usr/share/gnome:/home/alecs/.local/share/flatpak/exports/share:/var/lib/flatpak/exports/share:/usr/local/share:/usr/share
# environment
DBUS_SESSION_BUS_ADDRESS = unix:path=/run/user/1000/bus
# makefile (from 'makefile', line 9)
OBJS = $(addprefix $(OBJDIR), $(SOURCES:cpp=o))
# environment
LESSOPEN = | /usr/bin/lesspipe %s
# environment
VSCODE_CWD = /home/alecs
# environment
XDG_SESSION_PATH = /org/freedesktop/DisplayManager/Session0
# default
MAKE_HOST := x86_64-pc-linux-gnu
# environment
PATH = /usr/local/sbin:/usr/local/bin:/usr/sbin:/usr/bin:/sbin:/bin:/usr/games:/usr/local/games:/snap/bin
# environment
GPG_AGENT_INFO = /run/user/1000/gnupg/S.gpg-agent:0:1
# environment
SESSION_MANAGER = local/alecs-VirtualBox:@/tmp/.ICE-unix/815,unix/alecs-VirtualBox:/tmp/.ICE-unix/815
# environment
XDG_RUNTIME_DIR = /run/user/1000
# environment
ELECTRON_RUN_AS_NODE = 1
# default
.FEATURES := target-specific order-only second-expansion else-if shortest-stem undefine oneshell archives jobserver output-sync check-symlink load
# environment
XDG_GREETER_DATA_DIR = /var/lib/lightdm-data/alecs
# environment
LS_COLORS = 
# environment
XDG_SESSION_DESKTOP = cinnamon
# environment
SSH_AUTH_SOCK = /run/user/1000/keyring/ssh
# environment
GIO_LAUNCHED_DESKTOP_FILE_PID = 1447
# automatic
%F = $(notdir $%)
# environment
DISPLAY = :0
# makefile (from 'makefile', line 5)
SRCDIR = src
# environment
 
PWD = /home/alecs/prog
# environment
QT_QPA_PLATFORMTHEME = qt5ct
# default
.LOADED := 
# environment
XDG_SEAT = seat0
# environment
SSH_AGENT_PID = 892
# environment
ORIGINAL_XDG_CURRENT_DESKTOP = X-Cinnamon
# environment
GTK_MODULES = gail:atk-bridge
# environment
VSCODE_AMD_ENTRYPOINT = vs/workbench/api/node/extensionHostProcess
# environment
HOME = /home/alecs
# environment
LESSCLOSE = /usr/bin/lesspipe %s %s
# environment
VSCODE_CODE_CACHE_PATH = /home/alecs/.config/Code/CachedData/3b889b090b5ad5793f524b5d1d39fda662b96a2a
# environment
LOGNAME = alecs
# environment
APPLICATION_INSIGHTS_NO_DIAGNOSTIC_CHANNEL = true
# makefile (from 'makefile', line 4)
IDIR = includes
# environment
VSCODE_HANDLES_UNCAUGHT_ERRORS = true
# environment
GNOME_DESKTOP_SESSION_ID = this-is-deprecated
# automatic
^D = $(patsubst %/,%,$(dir $^))
# environment
XDG_VTNR = 7
# environment
MAKELEVEL := 0
# default
MAKE = $(MAKE_COMMAND)
# default
MAKECMDGOALS := all
# environment
SHLVL = 0
# makefile (from 'makefile', line 1)
CC = g++
# environment
XDG_SESSION_ID = c1
# environment
USER = alecs
# makefile
.DEFAULT_GOAL := all
# environment
XDG_CURRENT_DESKTOP = X-Cinnamon
# automatic
%D = $(patsubst %/,%,$(dir $%))
# default
MAKE_COMMAND := make
# default
.VARIABLES := 
# automatic
*F = $(notdir $*)
# environment
LANGUAGE = it
# environment
XDG_SEAT_PATH = /org/freedesktop/DisplayManager/Seat0
# environment
VSCODE_IPC_HOOK = /run/user/1000/vscode-1bb9f71c-1.69.2-main.sock
# makefile
MAKEFLAGS = pqrR
# environment
MFLAGS = -pqrR
# automatic
*D = $(patsubst %/,%,$(dir $*))
# automatic
+D = $(patsubst %/,%,$(dir $+))
# environment
GDK_BACKEND = x11
# automatic
+F = $(notdir $+)
# environment
CINNAMON_VERSION = 5.2.7
# environment
QT_ACCESSIBILITY = 1
# default
MAKEFILES := 
# automatic
<F = $(notdir $<)
# makefile (from 'makefile', line 6)
OBJDIR = obj
# environment
LC_ALL = C
# environment
GJS_DEBUG_TOPICS = JS ERROR;JS LOG
# automatic
^F = $(notdir $^)
# default
SUFFIXES := 
# makefile (from 'makefile', line 2)
FLAGS = -g -Wall -lncurses -I$(IDIR)
# environment
CHROME_DESKTOP = code-url-handler.desktop
# default
.INCLUDE_DIRS = /usr/include /usr/local/include /usr/include
# environment
GJS_DEBUG_OUTPUT = stderr
# default
.RECIPEPREFIX := 
# environment
LANG = C
# environment
VSCODE_PID = 1447
# variable set hash-table stats:
# Load=102/1024=10%, Rehash=0, Collisions=11/129=9%

# Pattern-specific Variable Values

# No pattern-specific variable values.

# Directories

# . (device 2053, inode 659415): 7 files, no impossibilities.
# src (device 2053, inode 660831): 12 files, no impossibilities.

# 19 files, no impossibilities in 2 directories.

# Implicit Rules

# No implicit rules.

# Files

all: main
#  Command line target.
#  Implicit rule search has been done.
#  File does not exist.
#  File has been updated.
#  Successfully updated.

# Not a target:
src/Item.cpp:
#  Implicit rule search has been done.
#  Last modified 2022-08-14 18:19:11
#  File has been updated.
#  Successfully updated.

# Not a target:
makefile:
#  Implicit rule search has been done.
#  Last modified 2022-08-14 18:19:16
#  File has been updated.
#  Successfully updated.

# Not a target:
src/Level.cpp:
#  Implicit rule search has been done.
#  Last modified 2022-08-19 20:35:06.733430151
#  File has been updated.
#  Successfully updated.

# Not a target:
src/Enemy.cpp:
#  Implicit rule search has been done.
#  Last modified 2022-08-15 16:19:04.129562804
#  File has been updated.
#  Successfully updated.

# Not a target:
src/Game.cpp:
#  Implicit rule search has been done.
#  Last modified 2022-08-19 20:45:28.849955223
#  File has been updated.
#  Successfully updated.

# Not a target:
src/Mob.cpp:
#  Implicit rule search has been done.
#  Last modified 2022-08-19 19:00:26.82523588
#  File has been updated.
#  Successfully updated.

# Not a target:
src/Board.cpp:
#  Implicit rule search has been done.
#  Last modified 2022-08-14 18:19:02
#  File has been updated.
#  Successfully updated.

# Not a target:
.DEFAULT:
#  Implicit rule search has not been done.
#  Modification time never checked.
#  File has not been updated.

# Not a target:
src/Hud.cpp:
#  Implicit rule search has been done.
#  Last modified 2022-08-14 18:19:10
#  File has been updated.
#  Successfully updated.

run:
#  Implicit rule search has not been done.
#  Modification time never checked.
#  File has not been updated.
#  recipe to execute (from 'makefile', line 19):
	./main

clean:
#  Implicit rule search has not been done.
#  Modification time never checked.
#  File has not been updated.
#  recipe to execute (from 'makefile', line 22):
	rm -f main $(OBJDIR)/*

# Not a target:
src/main.cpp:
#  Implicit rule search has been done.
#  Last modified 2022-08-19 20:16:06.632286221
#  File has been updated.
#  Successfully updated.

main: src/Enemy.cpp src/Mob.cpp src/Game.cpp src/Item.cpp src/Player.cpp src/Board.cpp src/Level.cpp src/Entity.cpp src/main.cpp src/Hud.cpp
#  Implicit rule search has not been done.
#  Last modified 2022-08-19 20:45:40.354053897
#  File has been updated.
#  Successfully updated.
#  recipe to execute (from 'makefile', line 16):
	$(CC) $(SOURCES) $(FLAGS) -o main

# Not a target:
src/Entity.cpp:
#  Implicit rule search has been done.
#  Last modified 2022-08-19 20:28:48.756236589
#  File has been updated.
#  Successfully updated.

# Not a target:
src/Player.cpp:
#  Implicit rule search has been done.
#  Last modified 2022-08-19 18:58:38.327525311
#  File has been updated.
#  Successfully updated.

# files hash-table stats:
# Load=17/1024=2%, Rehash=0, Collisions=3/40=8%
# VPATH Search Paths

# No 'vpath' search paths.

# No general ('VPATH' variable) search path.

# strcache buffers: 1 (0) / strings = 34 / storage = 335 B / avg = 9 B
# current buf: size = 8162 B / used = 335 B / count = 34 / avg = 9 B

# strcache performance: lookups = 48 / hit rate = 29%
# hash-table stats:
# Load=34/8192=0%, Rehash=0, Collisions=2/48=4%
# Finished Make data base on Sat Aug 20 16:27:07 2022

 
